<?xml version="1.0" encoding="UTF-8"?>
<!-- Generated by org.testng.reporters.JUnitXMLReporter -->
<testsuite hostname="NGAN" ignored="0" name="Test" tests="4" failures="1" timestamp="18 Jun 2020 05:54:23 GMT" time="32.434" errors="0">
  <testcase name="TC01_Verify_student_inactive" time="2.237" classname="testcase.TC01_Verify_student_inactive">
    <failure type="java.lang.AssertionError" message="Error: Filter Student expected [Inactive] but found [Approved]">
      <![CDATA[java.lang.AssertionError: Error: Filter Student expected [Inactive] but found [Approved]
	at pageobject.MainPage.verifyFilterRequestStatus(MainPage.java:50)
	at testcase.TC01_Verify_student_inactive.TC01_Verify_student_inactive(TC01_Verify_student_inactive.java:30)
... Removed 30 stack frames]]>
    </failure>
  </testcase> <!-- TC01_Verify_student_inactive -->
  <testcase name="TC02_Verify_sorting_FirstName_Column" time="2.499" classname="testcase.TC02_Verify_sorting_FirstName_Column"/>
  <testcase name="testRespondBody" time="5.753" classname="testcase.TC03_GetData_API"/>
  <testcase name="testRespondCode" time="1.205" classname="testcase.TC03_GetData_API"/>
</testsuite> <!-- Test -->
